NOTE: AlgaeBase is licensed CC BY-NC (non-commercial use only).
Fetching AlgaeBase from ChecklistBank /nameusage/search ...
  Endpoint: https://api.checklistbank.org/dataset/304756/nameusage/search
  [status=synonym] 49,414 records, 50 page(s)
  [status=bare name] 309 records, 1 page(s)
  [status=provisionally accepted] 102 records, 1 page(s)
  status=accepted spans 15 ranks
  [status=accepted&rank=species] 82,126 records, 83 page(s)
  [status=accepted&rank=variety] 22,404 records, 23 page(s)
  [status=accepted&rank=form] 8,895 records, 9 page(s)
  [status=accepted&rank=genus] 7,193 records, 8 page(s)
  [status=accepted&rank=family] 907 records, 1 page(s)
  [status=accepted&rank=subspecies] 498 records, 1 page(s)
  [status=accepted&rank=order] 324 records, 1 page(s)
  [status=accepted&rank=class] 103 records, 1 page(s)
  [status=accepted&rank=phylum] 32 records, 1 page(s)
  [status=accepted&rank=infraspecific name] 26 records, 1 page(s)
  [status=accepted&rank=unranked] 7 records, 1 page(s)
  [status=accepted&rank=infrasubspecific name] 4 records, 1 page(s)
  [status=accepted&rank=section botany] 3 records, 1 page(s)
  [status=accepted&rank=subgenus] 2 records, 1 page(s)
  [status=accepted&rank=strain] 2 records, 1 page(s)
  172,351 records fetched
Flattening JSON records to data.frame...
Normalizing to unified schema...
Precomputing match keys...
Embedding accepted taxon info...
Writing compiled backbone...
Building indexes...
ALGAEBASE backbone saved: C:\Users\Gilles Colling\AppData\Roaming/R/data/R/taxify/algaebase/latest/algaebase.vtr (33 MB, 172,351 rows)
